<?xml version="1.0" encoding="UTF-8"?>
<testng-results ignored="0" total="3" passed="3" failed="0" skipped="0">
  <reporter-output>
  </reporter-output>
  <suite started-at="2026-06-27T21:02:47 IST" name="Playwright suite" finished-at="2026-06-27T21:03:55 IST" duration-ms="68413">
    <groups>
    </groups>
    <test started-at="2026-06-27T21:02:47 IST" name="Base Test" finished-at="2026-06-27T21:03:55 IST" duration-ms="68413">
      <class name="test.LoginTest">
        <test-method is-config="true" signature="setup(java.lang.reflect.Method)[pri:0, instance:test.LoginTest@689604d9]" started-at="2026-06-27T21:03:29 IST" name="setup" finished-at="2026-06-27T21:03:31 IST" duration-ms="1937" status="PASS">
          <params>
            <param index="0">
              <value>
                <![CDATA[public void test.LoginTest.logintest()]]>
              </value>
            </param>
          </params>
          <reporter-output>
          </reporter-output>
        </test-method> <!-- setup -->
        <test-method signature="logintest()[pri:0, instance:test.LoginTest@689604d9]" started-at="2026-06-27T21:03:31 IST" name="logintest" finished-at="2026-06-27T21:03:54 IST" duration-ms="23733" status="PASS">
          <reporter-output>
          </reporter-output>
        </test-method> <!-- logintest -->
        <test-method is-config="true" signature="tearDown(org.testng.ITestResult)[pri:0, instance:test.LoginTest@689604d9]" started-at="2026-06-27T21:03:54 IST" name="tearDown" finished-at="2026-06-27T21:03:55 IST" duration-ms="1025" status="PASS">
          <params>
            <param index="0">
              <value>
                <![CDATA[[TestResult name=logintest status=SUCCESS method=LoginTest.logintest()[pri:0, instance:test.LoginTest@689604d9] output={null}]]]>
              </value>
            </param>
          </params>
          <reporter-output>
          </reporter-output>
        </test-method> <!-- tearDown -->
      </class> <!-- test.LoginTest -->
      <class name="test.LoginTest2">
        <test-method is-config="true" signature="setup(java.lang.reflect.Method)[pri:0, instance:test.LoginTest2@35d019a3]" started-at="2026-06-27T21:03:06 IST" name="setup" finished-at="2026-06-27T21:03:08 IST" duration-ms="1867" status="PASS">
          <params>
            <param index="0">
              <value>
                <![CDATA[public void test.LoginTest2.logintest()]]>
              </value>
            </param>
          </params>
          <reporter-output>
          </reporter-output>
        </test-method> <!-- setup -->
        <test-method signature="logintest()[pri:0, instance:test.LoginTest2@35d019a3]" started-at="2026-06-27T21:03:08 IST" name="logintest" finished-at="2026-06-27T21:03:28 IST" duration-ms="20191" status="PASS">
          <reporter-output>
          </reporter-output>
        </test-method> <!-- logintest -->
        <test-method is-config="true" signature="tearDown(org.testng.ITestResult)[pri:0, instance:test.LoginTest2@35d019a3]" started-at="2026-06-27T21:03:28 IST" name="tearDown" finished-at="2026-06-27T21:03:29 IST" duration-ms="841" status="PASS">
          <params>
            <param index="0">
              <value>
                <![CDATA[[TestResult name=logintest status=SUCCESS method=LoginTest2.logintest()[pri:0, instance:test.LoginTest2@35d019a3] output={null}]]]>
              </value>
            </param>
          </params>
          <reporter-output>
          </reporter-output>
        </test-method> <!-- tearDown -->
      </class> <!-- test.LoginTest2 -->
      <class name="test.test">
        <test-method is-config="true" signature="setup(java.lang.reflect.Method)[pri:0, instance:test.test@222545dc]" started-at="2026-06-27T21:02:47 IST" name="setup" finished-at="2026-06-27T21:02:56 IST" duration-ms="9144" status="PASS">
          <params>
            <param index="0">
              <value>
                <![CDATA[public void test.test.verifyTitle()]]>
              </value>
            </param>
          </params>
          <reporter-output>
          </reporter-output>
        </test-method> <!-- setup -->
        <test-method signature="verifyTitle()[pri:0, instance:test.test@222545dc]" started-at="2026-06-27T21:02:56 IST" name="verifyTitle" finished-at="2026-06-27T21:03:04 IST" duration-ms="8114" status="PASS">
          <reporter-output>
          </reporter-output>
        </test-method> <!-- verifyTitle -->
        <test-method is-config="true" signature="tearDown(org.testng.ITestResult)[pri:0, instance:test.test@222545dc]" started-at="2026-06-27T21:03:04 IST" name="tearDown" finished-at="2026-06-27T21:03:06 IST" duration-ms="1441" status="PASS">
          <params>
            <param index="0">
              <value>
                <![CDATA[[TestResult name=verifyTitle status=SUCCESS method=test.verifyTitle()[pri:0, instance:test.test@222545dc] output={null}]]]>
              </value>
            </param>
          </params>
          <reporter-output>
          </reporter-output>
        </test-method> <!-- tearDown -->
      </class> <!-- test.test -->
    </test> <!-- Base Test -->
  </suite> <!-- Playwright suite -->
</testng-results>
