<?xml version="1.0" encoding="UTF-8"?>
<!-- Generated by org.testng.reporters.JUnitReportReporter -->
<testsuite hostname="DESKTOP-V5DK38T" failures="0" tests="1" name="test.LoginTest2" time="61.234" errors="1" timestamp="2026-06-20T21:44:38 IST" skipped="0">
  <testcase classname="test.LoginTest2" name="logintest" time="61.234">
    <error message="Error {
  message=&#039;Timeout 30000ms exceeded.
  name=&#039;TimeoutError
  stack=&#039;TimeoutError: Timeout 30000ms exceeded.
    at _ProgressController.run (C:\Users\Srihariharan\AppData\Local\Temp\playwright-java-1399329546268475990\package\lib\coreBundle.js:12962:32)
    at _FrameDispatcher._runCommand (C:\Users\Srihariharan\AppData\Local\Temp\playwright-java-1399329546268475990\package\lib\coreBundle.js:24019:35)
    at DispatcherConnection.dispatch (C:\Users\Srihariharan\AppData\Local\Temp\playwright-java-1399329546268475990\package\lib\coreBundle.js:24253:44)
}
Call log:
-   - waiting for locator(&quot;text=My In!@#&quot;)
" type="com.microsoft.playwright.TimeoutError">
      <![CDATA[com.microsoft.playwright.TimeoutError: Error {
  message='Timeout 30000ms exceeded.
  name='TimeoutError
  stack='TimeoutError: Timeout 30000ms exceeded.
    at _ProgressController.run (C:\Users\Srihariharan\AppData\Local\Temp\playwright-java-1399329546268475990\package\lib\coreBundle.js:12962:32)
    at _FrameDispatcher._runCommand (C:\Users\Srihariharan\AppData\Local\Temp\playwright-java-1399329546268475990\package\lib\coreBundle.js:24019:35)
    at DispatcherConnection.dispatch (C:\Users\Srihariharan\AppData\Local\Temp\playwright-java-1399329546268475990\package\lib\coreBundle.js:24253:44)
}
Call log:
-   - waiting for locator("text=My In!@#")

at com.microsoft.playwright.impl.WaitableResult.get(WaitableResult.java:52)
at com.microsoft.playwright.impl.ChannelOwner.runUntil(ChannelOwner.java:138)
at com.microsoft.playwright.impl.Connection.sendMessage(Connection.java:131)
at com.microsoft.playwright.impl.ChannelOwner.sendMessage(ChannelOwner.java:124)
at com.microsoft.playwright.impl.FrameImpl.clickImpl(FrameImpl.java:244)
at com.microsoft.playwright.impl.PageImpl.click(PageImpl.java:713)
at com.microsoft.playwright.Page.click(Page.java:4039)
at pages.HomePage.clickRecruitmentandmyInfo(HomePage.java:17)
at test.LoginTest2.logintest(LoginTest2.java:22)
at java.base/jdk.internal.reflect.DirectMethodHandleAccessor.invoke(DirectMethodHandleAccessor.java:103)
at java.base/java.lang.reflect.Method.invoke(Method.java:580)
at org.testng.internal.invokers.MethodInvocationHelper.invokeMethod(MethodInvocationHelper.java:141)
at org.testng.internal.invokers.TestInvoker.invokeMethod(TestInvoker.java:686)
at org.testng.internal.invokers.TestInvoker.invokeTestMethod(TestInvoker.java:230)
at org.testng.internal.invokers.MethodRunner.runInSequence(MethodRunner.java:63)
at org.testng.internal.invokers.TestInvoker$MethodInvocationAgent.invoke(TestInvoker.java:992)
at org.testng.internal.invokers.TestInvoker.invokeTestMethods(TestInvoker.java:203)
at org.testng.internal.invokers.TestMethodWorker.invokeTestMethods(TestMethodWorker.java:154)
at org.testng.internal.invokers.TestMethodWorker.run(TestMethodWorker.java:134)
at java.base/java.util.ArrayList.forEach(ArrayList.java:1596)
at org.testng.TestRunner.privateRun(TestRunner.java:739)
at org.testng.TestRunner.run(TestRunner.java:614)
at org.testng.SuiteRunner.runTest(SuiteRunner.java:421)
at org.testng.SuiteRunner.runSequentially(SuiteRunner.java:413)
at org.testng.SuiteRunner.privateRun(SuiteRunner.java:373)
at org.testng.SuiteRunner.run(SuiteRunner.java:312)
at org.testng.SuiteRunnerWorker.runSuite(SuiteRunnerWorker.java:52)
at org.testng.SuiteRunnerWorker.run(SuiteRunnerWorker.java:95)
at org.testng.TestNG.runSuitesSequentially(TestNG.java:1274)
at org.testng.TestNG.runSuitesLocally(TestNG.java:1208)
at org.testng.TestNG.runSuites(TestNG.java:1112)
at org.testng.TestNG.run(TestNG.java:1079)
at org.testng.remote.AbstractRemoteTestNG.run(AbstractRemoteTestNG.java:115)
at org.testng.remote.RemoteTestNG.initAndRun(RemoteTestNG.java:293)
at org.testng.remote.RemoteTestNG.main(RemoteTestNG.java:91)
Caused by: com.microsoft.playwright.TimeoutError: Error {
  message='Timeout 30000ms exceeded.
  name='TimeoutError
  stack='TimeoutError: Timeout 30000ms exceeded.
    at _ProgressController.run (C:\Users\Srihariharan\AppData\Local\Temp\playwright-java-1399329546268475990\package\lib\coreBundle.js:12962:32)
    at _FrameDispatcher._runCommand (C:\Users\Srihariharan\AppData\Local\Temp\playwright-java-1399329546268475990\package\lib\coreBundle.js:24019:35)
    at DispatcherConnection.dispatch (C:\Users\Srihariharan\AppData\Local\Temp\playwright-java-1399329546268475990\package\lib\coreBundle.js:24253:44)
}
Call log:
-   - waiting for locator("text=My In!@#")

at com.microsoft.playwright.impl.Connection.dispatch(Connection.java:257)
at com.microsoft.playwright.impl.Connection.processOneMessage(Connection.java:214)
at com.microsoft.playwright.impl.ChannelOwner.runUntil(ChannelOwner.java:136)
... 33 more
]]>
    </error>
  </testcase> <!-- logintest -->
</testsuite> <!-- test.LoginTest2 -->
